-------------------------------------------------------------------------------
Test set: org.example.repo.RedisMessageListenerManualTest
-------------------------------------------------------------------------------
Tests run: 1, Failures: 0, Errors: 1, Skipped: 0, Time elapsed: 2.411 s <<< FAILURE! - in org.example.repo.RedisMessageListenerManualTest
testOnMessage  Time elapsed: 0.002 s  <<< ERROR!
java.lang.IllegalStateException: Failed to load ApplicationContext
Caused by: org.springframework.beans.factory.UnsatisfiedDependencyException: Error creating bean with name 'persistenceExceptionTranslationPostProcessor' defined in class path resource [org/springframework/boot/autoconfigure/dao/PersistenceExceptionTranslationAutoConfiguration.class]: Unsatisfied dependency expressed through method 'persistenceExceptionTranslationPostProcessor' parameter 0; nested exception is org.springframework.beans.factory.BeanCreationException: Error creating bean with name 'org.springframework.boot.test.web.client.TestRestTemplate': Lookup method resolution failed; nested exception is java.lang.IllegalStateException: Failed to introspect Class [org.springframework.boot.test.web.client.TestRestTemplateContextCustomizer$TestRestTemplateFactory] from ClassLoader [jdk.internal.loader.ClassLoaders$AppClassLoader@2cdf8d8a]
Caused by: org.springframework.beans.factory.BeanCreationException: Error creating bean with name 'org.springframework.boot.test.web.client.TestRestTemplate': Lookup method resolution failed; nested exception is java.lang.IllegalStateException: Failed to introspect Class [org.springframework.boot.test.web.client.TestRestTemplateContextCustomizer$TestRestTemplateFactory] from ClassLoader [jdk.internal.loader.ClassLoaders$AppClassLoader@2cdf8d8a]
Caused by: java.lang.IllegalStateException: Failed to introspect Class [org.springframework.boot.test.web.client.TestRestTemplateContextCustomizer$TestRestTemplateFactory] from ClassLoader [jdk.internal.loader.ClassLoaders$AppClassLoader@2cdf8d8a]
Caused by: java.lang.NoClassDefFoundError: org/springframework/web/util/UriTemplateHandler
Caused by: java.lang.ClassNotFoundException: org.springframework.web.util.UriTemplateHandler

